<?xml version="1.0" encoding="UTF-8"?>
<testsuites>
  <testsuite name="BackstopJS" tests="321" failures="0" errors="0" skipped="0">
    <testcase classname="document" name=" ›› A-Z navigation"/>
    <testcase classname="document" name=" ›› A-Z navigation"/>
    <testcase classname="document" name=" ›› A-Z navigation"/>
    <testcase classname="document" name=" ›› A-Z navigation"/>
    <testcase classname="document" name=" ›› Action link"/>
    <testcase classname="document" name=" ›› Action link"/>
    <testcase classname="document" name=" ›› Action link"/>
    <testcase classname="document" name=" ›› Action link"/>
    <testcase classname="document" name=" ›› Back link"/>
    <testcase classname="document" name=" ›› Back link"/>
    <testcase classname="document" name=" ›› Back link"/>
    <testcase classname="document" name=" ›› Back link"/>
    <testcase classname="document" name=" ›› Breadcrumb"/>
    <testcase classname="document" name=" ›› Breadcrumb"/>
    <testcase classname="document" name=" ›› Breadcrumb"/>
    <testcase classname="document" name=" ›› Breadcrumb"/>
    <testcase classname="document" name=" ›› Button"/>
    <testcase classname="document" name=" ›› Button"/>
    <testcase classname="document" name=" ›› Button"/>
    <testcase classname="document" name=" ›› Button"/>
    <testcase classname="document" name=" ›› Button disabled"/>
    <testcase classname="document" name=" ›› Button disabled"/>
    <testcase classname="document" name=" ›› Button disabled"/>
    <testcase classname="document" name=" ›› Button disabled"/>
    <testcase classname="document" name=" ›› Button secondary"/>
    <testcase classname="document" name=" ›› Button secondary"/>
    <testcase classname="document" name=" ›› Button secondary"/>
    <testcase classname="document" name=" ›› Button secondary"/>
    <testcase classname="document" name=" ›› Button secondary disabled"/>
    <testcase classname="document" name=" ›› Button secondary disabled"/>
    <testcase classname="document" name=" ›› Button secondary disabled"/>
    <testcase classname="document" name=" ›› Button secondary disabled"/>
    <testcase classname="document" name=" ›› Button reverse"/>
    <testcase classname="document" name=" ›› Button reverse"/>
    <testcase classname="document" name=" ›› Button reverse"/>
    <testcase classname="document" name=" ›› Button reverse"/>
    <testcase classname="document" name=" ›› Button secondary disabled"/>
    <testcase classname="document" name=" ›› Button secondary disabled"/>
    <testcase classname="document" name=" ›› Button secondary disabled"/>
    <testcase classname="document" name=" ›› Button secondary disabled"/>
    <testcase classname="document" name=" ›› Care card - Non urgent"/>
    <testcase classname="document" name=" ›› Care card - Non urgent"/>
    <testcase classname="document" name=" ›› Care card - Non urgent"/>
    <testcase classname="document" name=" ›› Care card - Non urgent"/>
    <testcase classname="document" name=" ›› Care card - Urgent"/>
    <testcase classname="document" name=" ›› Care card - Urgent"/>
    <testcase classname="document" name=" ›› Care card - Urgent"/>
    <testcase classname="document" name=" ›› Care card - Urgent"/>
    <testcase classname="document" name=" ›› Care card - Immediate"/>
    <testcase classname="document" name=" ›› Care card - Immediate"/>
    <testcase classname="document" name=" ›› Care card - Immediate"/>
    <testcase classname="document" name=" ›› Care card - Immediate"/>
    <testcase classname="document" name=" ›› Checkboxes"/>
    <testcase classname="document" name=" ›› Checkboxes"/>
    <testcase classname="document" name=" ›› Checkboxes"/>
    <testcase classname="document" name=" ›› Checkboxes"/>
    <testcase classname="document" name=" ›› Checkboxes with hint text"/>
    <testcase classname="document" name=" ›› Checkboxes with hint text"/>
    <testcase classname="document" name=" ›› Checkboxes with hint text"/>
    <testcase classname="document" name=" ›› Checkboxes with hint text"/>
    <testcase classname="document" name=" ›› Checkboxes with disabled item"/>
    <testcase classname="document" name=" ›› Checkboxes with disabled item"/>
    <testcase classname="document" name=" ›› Checkboxes with disabled item"/>
    <testcase classname="document" name=" ›› Checkboxes with disabled item"/>
    <testcase classname="document" name=" ›› Checkboxes with legend as page heading"/>
    <testcase classname="document" name=" ›› Checkboxes with legend as page heading"/>
    <testcase classname="document" name=" ›› Checkboxes with legend as page heading"/>
    <testcase classname="document" name=" ›› Checkboxes with legend as page heading"/>
    <testcase classname="document" name=" ›› Checkboxes with error message"/>
    <testcase classname="document" name=" ›› Checkboxes with error message"/>
    <testcase classname="document" name=" ›› Checkboxes with error message"/>
    <testcase classname="document" name=" ›› Checkboxes with error message"/>
    <testcase classname="document" name=" ›› Contents list"/>
    <testcase classname="document" name=" ›› Contents list"/>
    <testcase classname="document" name=" ›› Contents list"/>
    <testcase classname="document" name=" ›› Contents list"/>
    <testcase classname="document" name=" ›› Date input"/>
    <testcase classname="document" name=" ›› Date input"/>
    <testcase classname="document" name=" ›› Date input"/>
    <testcase classname="document" name=" ›› Date input"/>
    <testcase classname="document" name=" ›› Date input with multiple errors"/>
    <testcase classname="document" name=" ›› Date input with multiple errors"/>
    <testcase classname="document" name=" ›› Date input with multiple errors"/>
    <testcase classname="document" name=" ›› Date input with multiple errors"/>
    <testcase classname="document" name=" ›› Details"/>
    <testcase classname="document" name=" ›› Details"/>
    <testcase classname="document" name=" ›› Details"/>
    <testcase classname="document" name=" ›› Details"/>
    <testcase classname="document" name=" ›› Do &amp; Don't list"/>
    <testcase classname="document" name=" ›› Do &amp; Don't list"/>
    <testcase classname="document" name=" ›› Do &amp; Don't list"/>
    <testcase classname="document" name=" ›› Do &amp; Don't list"/>
    <testcase classname="document" name=" ›› Emergency alert"/>
    <testcase classname="document" name=" ›› Emergency alert"/>
    <testcase classname="document" name=" ›› Emergency alert"/>
    <testcase classname="document" name=" ›› Emergency alert"/>
    <testcase classname="document" name=" ›› Error message"/>
    <testcase classname="document" name=" ›› Error message"/>
    <testcase classname="document" name=" ›› Error message"/>
    <testcase classname="document" name=" ›› Error message"/>
    <testcase classname="document" name=" ›› Error summary"/>
    <testcase classname="document" name=" ›› Error summary"/>
    <testcase classname="document" name=" ›› Error summary"/>
    <testcase classname="document" name=" ›› Error summary"/>
    <testcase classname="document" name=" ›› Expander"/>
    <testcase classname="document" name=" ›› Expander"/>
    <testcase classname="document" name=" ›› Expander"/>
    <testcase classname="document" name=" ›› Expander"/>
    <testcase classname="document" name=" ›› Expander group"/>
    <testcase classname="document" name=" ›› Expander group"/>
    <testcase classname="document" name=" ›› Expander group"/>
    <testcase classname="document" name=" ›› Expander group"/>
    <testcase classname="document" name=" ›› Feedback banner"/>
    <testcase classname="document" name=" ›› Feedback banner"/>
    <testcase classname="document" name=" ›› Feedback banner"/>
    <testcase classname="document" name=" ›› Feedback banner"/>
    <testcase classname="document" name=" ›› Footer"/>
    <testcase classname="document" name=" ›› Footer"/>
    <testcase classname="document" name=" ›› Footer"/>
    <testcase classname="document" name=" ›› Footer"/>
    <testcase classname="document" name=" ›› Fieldset"/>
    <testcase classname="document" name=" ›› Fieldset"/>
    <testcase classname="document" name=" ›› Fieldset"/>
    <testcase classname="document" name=" ›› Fieldset"/>
    <testcase classname="document" name=" ›› Fieldset as page heading"/>
    <testcase classname="document" name=" ›› Fieldset as page heading"/>
    <testcase classname="document" name=" ›› Fieldset as page heading"/>
    <testcase classname="document" name=" ›› Fieldset as page heading"/>
    <testcase classname="document" name=" ›› Header"/>
    <testcase classname="document" name=" ›› Header"/>
    <testcase classname="document" name=" ›› Header"/>
    <testcase classname="document" name=" ›› Header"/>
    <testcase classname="document" name=" ›› Header with logo only"/>
    <testcase classname="document" name=" ›› Header with logo only"/>
    <testcase classname="document" name=" ›› Header with logo only"/>
    <testcase classname="document" name=" ›› Header with logo only"/>
    <testcase classname="document" name=" ›› Header with service name and search"/>
    <testcase classname="document" name=" ›› Header with service name and search"/>
    <testcase classname="document" name=" ›› Header with service name and search"/>
    <testcase classname="document" name=" ›› Header with service name and search"/>
    <testcase classname="document" name=" ›› Header transactional"/>
    <testcase classname="document" name=" ›› Header transactional"/>
    <testcase classname="document" name=" ›› Header transactional"/>
    <testcase classname="document" name=" ›› Header transactional"/>
    <testcase classname="document" name=" ›› Header transactional with service name"/>
    <testcase classname="document" name=" ›› Header transactional with service name"/>
    <testcase classname="document" name=" ›› Header transactional with service name"/>
    <testcase classname="document" name=" ›› Header transactional with service name"/>
    <testcase classname="document" name=" ›› Header transactional with a long service name"/>
    <testcase classname="document" name=" ›› Header transactional with a long service name"/>
    <testcase classname="document" name=" ›› Header transactional with a long service name"/>
    <testcase classname="document" name=" ›› Header transactional with a long service name"/>
    <testcase classname="document" name=" ›› Header with navigation"/>
    <testcase classname="document" name=" ›› Header with navigation"/>
    <testcase classname="document" name=" ›› Header with navigation"/>
    <testcase classname="document" name=" ›› Header with navigation"/>
    <testcase classname="document" name=" ›› Header with navigation open"/>
    <testcase classname="document" name=" ›› Header with navigation open"/>
    <testcase classname="document" name=" ›› Header with navigation open"/>
    <testcase classname="document" name=" ›› Header with search"/>
    <testcase classname="document" name=" ›› Header with search"/>
    <testcase classname="document" name=" ›› Header with search"/>
    <testcase classname="document" name=" ›› Header with search"/>
    <testcase classname="document" name=" ›› Header with search open"/>
    <testcase classname="document" name=" ›› Header with search open"/>
    <testcase classname="document" name=" ›› Hero"/>
    <testcase classname="document" name=" ›› Hero"/>
    <testcase classname="document" name=" ›› Hero"/>
    <testcase classname="document" name=" ›› Hero"/>
    <testcase classname="document" name=" ›› Hero with image"/>
    <testcase classname="document" name=" ›› Hero with image"/>
    <testcase classname="document" name=" ›› Hero with image"/>
    <testcase classname="document" name=" ›› Hero with image"/>
    <testcase classname="document" name=" ›› Hero with image and content"/>
    <testcase classname="document" name=" ›› Hero with image and content"/>
    <testcase classname="document" name=" ›› Hero with image and content"/>
    <testcase classname="document" name=" ›› Hero with image and content"/>
    <testcase classname="document" name=" ›› Hint"/>
    <testcase classname="document" name=" ›› Hint"/>
    <testcase classname="document" name=" ›› Hint"/>
    <testcase classname="document" name=" ›› Hint"/>
    <testcase classname="document" name=" ›› Images"/>
    <testcase classname="document" name=" ›› Images"/>
    <testcase classname="document" name=" ›› Images"/>
    <testcase classname="document" name=" ›› Images"/>
    <testcase classname="document" name=" ›› Input"/>
    <testcase classname="document" name=" ›› Input"/>
    <testcase classname="document" name=" ›› Input"/>
    <testcase classname="document" name=" ›› Input"/>
    <testcase classname="document" name=" ›› Input with hint text"/>
    <testcase classname="document" name=" ›› Input with hint text"/>
    <testcase classname="document" name=" ›› Input with hint text"/>
    <testcase classname="document" name=" ›› Input with hint text"/>
    <testcase classname="document" name=" ›› Input with error message"/>
    <testcase classname="document" name=" ›› Input with error message"/>
    <testcase classname="document" name=" ›› Input with error message"/>
    <testcase classname="document" name=" ›› Input with error message"/>
    <testcase classname="document" name=" ›› Input with width modifier"/>
    <testcase classname="document" name=" ›› Input with width modifier"/>
    <testcase classname="document" name=" ›› Input with width modifier"/>
    <testcase classname="document" name=" ›› Input with width modifier"/>
    <testcase classname="document" name=" ›› Inset text"/>
    <testcase classname="document" name=" ›› Inset text"/>
    <testcase classname="document" name=" ›› Inset text"/>
    <testcase classname="document" name=" ›› Inset text"/>
    <testcase classname="document" name=" ›› Label"/>
    <testcase classname="document" name=" ›› Label"/>
    <testcase classname="document" name=" ›› Label"/>
    <testcase classname="document" name=" ›› Label"/>
    <testcase classname="document" name=" ›› Label with bold text"/>
    <testcase classname="document" name=" ›› Label with bold text"/>
    <testcase classname="document" name=" ›› Label with bold text"/>
    <testcase classname="document" name=" ›› Label with bold text"/>
    <testcase classname="document" name=" ›› Label as page heading"/>
    <testcase classname="document" name=" ›› Label as page heading"/>
    <testcase classname="document" name=" ›› Label as page heading"/>
    <testcase classname="document" name=" ›› Label as page heading"/>
    <testcase classname="document" name=" ›› List panel"/>
    <testcase classname="document" name=" ›› List panel"/>
    <testcase classname="document" name=" ›› List panel"/>
    <testcase classname="document" name=" ›› List panel"/>
    <testcase classname="document" name=" ›› Pagination"/>
    <testcase classname="document" name=" ›› Pagination"/>
    <testcase classname="document" name=" ›› Pagination"/>
    <testcase classname="document" name=" ›› Pagination"/>
    <testcase classname="document" name=" ›› Panel"/>
    <testcase classname="document" name=" ›› Panel"/>
    <testcase classname="document" name=" ›› Panel"/>
    <testcase classname="document" name=" ›› Panel"/>
    <testcase classname="document" name=" ›› Panel with label"/>
    <testcase classname="document" name=" ›› Panel with label"/>
    <testcase classname="document" name=" ›› Panel with label"/>
    <testcase classname="document" name=" ›› Panel with label"/>
    <testcase classname="document" name=" ›› Panel grey"/>
    <testcase classname="document" name=" ›› Panel grey"/>
    <testcase classname="document" name=" ›› Panel grey"/>
    <testcase classname="document" name=" ›› Panel grey"/>
    <testcase classname="document" name=" ›› Panel group"/>
    <testcase classname="document" name=" ›› Panel group"/>
    <testcase classname="document" name=" ›› Panel group"/>
    <testcase classname="document" name=" ›› Panel group"/>
    <testcase classname="document" name=" ›› Promo"/>
    <testcase classname="document" name=" ›› Promo"/>
    <testcase classname="document" name=" ›› Promo"/>
    <testcase classname="document" name=" ›› Promo"/>
    <testcase classname="document" name=" ›› Promo with image"/>
    <testcase classname="document" name=" ›› Promo with image"/>
    <testcase classname="document" name=" ›› Promo with image"/>
    <testcase classname="document" name=" ›› Promo with image"/>
    <testcase classname="document" name=" ›› Promo small"/>
    <testcase classname="document" name=" ›› Promo small"/>
    <testcase classname="document" name=" ›› Promo small"/>
    <testcase classname="document" name=" ›› Promo small"/>
    <testcase classname="document" name=" ›› Promo with no description"/>
    <testcase classname="document" name=" ›› Promo with no description"/>
    <testcase classname="document" name=" ›› Promo with no description"/>
    <testcase classname="document" name=" ›› Promo with no description"/>
    <testcase classname="document" name=" ›› Promo group"/>
    <testcase classname="document" name=" ›› Promo group"/>
    <testcase classname="document" name=" ›› Promo group"/>
    <testcase classname="document" name=" ›› Promo group"/>
    <testcase classname="document" name=" ›› Radios"/>
    <testcase classname="document" name=" ›› Radios"/>
    <testcase classname="document" name=" ›› Radios"/>
    <testcase classname="document" name=" ›› Radios"/>
    <testcase classname="document" name=" ›› Radios inline"/>
    <testcase classname="document" name=" ›› Radios inline"/>
    <testcase classname="document" name=" ›› Radios inline"/>
    <testcase classname="document" name=" ›› Radios inline"/>
    <testcase classname="document" name=" ›› Radios disabled"/>
    <testcase classname="document" name=" ›› Radios disabled"/>
    <testcase classname="document" name=" ›› Radios disabled"/>
    <testcase classname="document" name=" ›› Radios disabled"/>
    <testcase classname="document" name=" ›› Radios with a divider"/>
    <testcase classname="document" name=" ›› Radios with a divider"/>
    <testcase classname="document" name=" ›› Radios with a divider"/>
    <testcase classname="document" name=" ›› Radios with a divider"/>
    <testcase classname="document" name=" ›› Radios with hint text"/>
    <testcase classname="document" name=" ›› Radios with hint text"/>
    <testcase classname="document" name=" ›› Radios with hint text"/>
    <testcase classname="document" name=" ›› Radios with hint text"/>
    <testcase classname="document" name=" ›› Radios without fieldset"/>
    <testcase classname="document" name=" ›› Radios without fieldset"/>
    <testcase classname="document" name=" ›› Radios without fieldset"/>
    <testcase classname="document" name=" ›› Radios without fieldset"/>
    <testcase classname="document" name=" ›› Radios with hint text and error message"/>
    <testcase classname="document" name=" ›› Radios with hint text and error message"/>
    <testcase classname="document" name=" ›› Radios with hint text and error message"/>
    <testcase classname="document" name=" ›› Radios with hint text and error message"/>
    <testcase classname="document" name=" ›› Review date"/>
    <testcase classname="document" name=" ›› Review date"/>
    <testcase classname="document" name=" ›› Review date"/>
    <testcase classname="document" name=" ›› Review date"/>
    <testcase classname="document" name=" ›› Select"/>
    <testcase classname="document" name=" ›› Select"/>
    <testcase classname="document" name=" ›› Select"/>
    <testcase classname="document" name=" ›› Select"/>
    <testcase classname="document" name=" ›› Select with hint text and error message"/>
    <testcase classname="document" name=" ›› Select with hint text and error message"/>
    <testcase classname="document" name=" ›› Select with hint text and error message"/>
    <testcase classname="document" name=" ›› Select with hint text and error message"/>
    <testcase classname="document" name=" ›› Table"/>
    <testcase classname="document" name=" ›› Table"/>
    <testcase classname="document" name=" ›› Table"/>
    <testcase classname="document" name=" ›› Table"/>
    <testcase classname="document" name=" ›› Table as panel"/>
    <testcase classname="document" name=" ›› Table as panel"/>
    <testcase classname="document" name=" ›› Table as panel"/>
    <testcase classname="document" name=" ›› Table as panel"/>
    <testcase classname="document" name=" ›› Textarea"/>
    <testcase classname="document" name=" ›› Textarea"/>
    <testcase classname="document" name=" ›› Textarea"/>
    <testcase classname="document" name=" ›› Textarea"/>
    <testcase classname="document" name=" ›› Textarea with error message"/>
    <testcase classname="document" name=" ›› Textarea with error message"/>
    <testcase classname="document" name=" ›› Textarea with error message"/>
    <testcase classname="document" name=" ›› Textarea with error message"/>
    <testcase classname="document" name=" ›› Warning callout"/>
    <testcase classname="document" name=" ›› Warning callout"/>
    <testcase classname="document" name=" ›› Warning callout"/>
    <testcase classname="document" name=" ›› Warning callout"/>
  </testsuite>
</testsuites>